
=====================================================================
This module is intended solely for building or source activating user
python environments, i.e.,

    mamba create -n myenv -c conda-forge

or

    source activate myenv

To list available environments, run:

    mamba info --envs

See our docs: https://links.asu.edu/solpy

Any other use is NOT TESTED.
=====================================================================

  
/home/akaur64/.local/lib/python3.12/site-packages/albumentations/__init__.py:24: UserWarning: A new version of Albumentations is available: '2.0.1' (you have '2.0.0'). Upgrade using: pip install -U albumentations. To disable automatic update checks, set the environment variable NO_ALBUMENTATIONS_UPDATE to 1.
  check_for_updates()
[rank: 0] Seed set to 0
GPU available: True (cuda), used: True
TPU available: False, using: 0 TPU cores
HPU available: False, using: 0 HPUs
You are using a CUDA device ('NVIDIA A100-SXM4-80GB') that has Tensor Cores. To properly utilize them, you should set `torch.set_float32_matmul_precision('medium' | 'high')` which will trade-off precision for performance. For more details, read https://pytorch.org/docs/stable/generated/torch.set_float32_matmul_precision.html#torch.set_float32_matmul_precision
LOCAL_RANK: 0 - CUDA_VISIBLE_DEVICES: [0]

  | Name     | Type        | Params | Mode 
-------------------------------------------------
0 | model    | SatCLIP     | 2.9 M  | train
1 | loss_fun | SatCLIPLoss | 0      | train
-------------------------------------------------
2.9 M     Trainable params
0         Non-trainable params
2.9 M     Total params
11.731    Total estimated model params size (MB)
54        Modules in train mode
0         Modules in eval mode
SLURM auto-requeueing enabled. Setting signal handlers.
slurmstepd: error: *** JOB 22646306 ON sg037 CANCELLED AT 2025-01-27T19:55:44 ***
